-------------------------------------------------------------------------------
Test set: searchengine.services.searchService.SnippetSearcherTest
-------------------------------------------------------------------------------
Tests run: 3, Failures: 0, Errors: 1, Skipped: 0, Time elapsed: 0.002 s <<< FAILURE! - in searchengine.services.searchService.SnippetSearcherTest
shouldSearchSnippets  Time elapsed: 0.001 s  <<< ERROR!
java.io.FileNotFoundException: src/test/resourse/file_test.html (Нет такого файла или каталога)
	at searchengine.services.searchService.SnippetSearcherTest.shouldSearchSnippets(SnippetSearcherTest.java:45)

