<?xml version="1.0" encoding="UTF-8"?>
<testsuite xmlns:xsi="http://www.w3.org/2001/XMLSchema-instance" xsi:noNamespaceSchemaLocation="https://maven.apache.org/surefire/maven-surefire-plugin/xsd/surefire-test-report.xsd" name="searchengine.services.searchService.SnippetSearcherTest" time="0.002" tests="3" errors="1" skipped="0" failures="0">
  <properties>
[...]
</properties>
  <testcase name="shouldFindLemmaInText" classname="searchengine.services.searchService.SnippetSearcherTest" time="0"/>
  <testcase name="shouldSelectLemmaInText" classname="searchengine.services.searchService.SnippetSearcherTest" time="0"/>
  <testcase name="shouldSearchSnippets" classname="searchengine.services.searchService.SnippetSearcherTest" time="0.001">
    <error message="src/test/resourse/file_test.html (Нет такого файла или каталога)" type="java.io.FileNotFoundException">java.io.FileNotFoundException: src/test/resourse/file_test.html (Нет такого файла или каталога)
	at searchengine.services.searchService.SnippetSearcherTest.shouldSearchSnippets(SnippetSearcherTest.java:45)
</error>
  </testcase>
</testsuite>